Change Component Designator: OldDesignator=C24 NewDesignator=C24_U_BMS_VSNS1
Change Component Designator: OldDesignator=C24_U_BMS_VSNS1 NewDesignator=C24_U_BMS_VSNS2
Change Component Designator: OldDesignator=C24_U_BMS_VSNS2 NewDesignator=C24_U_BMS_VSNS3
Change Component Designator: OldDesignator=C24_U_BMS_VSNS3 NewDesignator=C24_U_BMS_VSNS4
Change Component Designator: OldDesignator=C24_U_BMS_VSNS4 NewDesignator=C24_U_BMS_VSNS5
Change Component Designator: OldDesignator=C24_U_BMS_VSNS5 NewDesignator=C24_U_BMS_VSNS6
Change Component Designator: OldDesignator=C24_U_BMS_VSNS6 NewDesignator=C24_U_BMS_VSNS7
Change Component Designator: OldDesignator=C24_U_BMS_VSNS7 NewDesignator=C24_U_BMS_VSNS8
Change Component Designator: OldDesignator=C24_U_BMS_VSNS8 NewDesignator=C24_U_BMS_VSNS9
Change Component Designator: OldDesignator=C24_U_BMS_VSNS9 NewDesignator=C24_U_BMS_VSNS10
Change Component Designator: OldDesignator=D18 NewDesignator=D18_U_BMS_VSNS1
Change Component Designator: OldDesignator=D18_U_BMS_VSNS1 NewDesignator=D18_U_BMS_VSNS2
Change Component Designator: OldDesignator=D18_U_BMS_VSNS2 NewDesignator=D18_U_BMS_VSNS3
Change Component Designator: OldDesignator=D18_U_BMS_VSNS3 NewDesignator=D18_U_BMS_VSNS4
Change Component Designator: OldDesignator=D18_U_BMS_VSNS4 NewDesignator=D18_U_BMS_VSNS5
Change Component Designator: OldDesignator=D18_U_BMS_VSNS5 NewDesignator=D18_U_BMS_VSNS6
Change Component Designator: OldDesignator=D18_U_BMS_VSNS6 NewDesignator=D18_U_BMS_VSNS7
Change Component Designator: OldDesignator=D18_U_BMS_VSNS7 NewDesignator=D18_U_BMS_VSNS8
Change Component Designator: OldDesignator=D18_U_BMS_VSNS8 NewDesignator=D18_U_BMS_VSNS9
Change Component Designator: OldDesignator=D18_U_BMS_VSNS9 NewDesignator=D18_U_BMS_VSNS10
Change Component Designator: OldDesignator=D19 NewDesignator=D19_U_BMS_VSNS1
Change Component Designator: OldDesignator=D19_U_BMS_VSNS1 NewDesignator=D19_U_BMS_VSNS2
Change Component Designator: OldDesignator=D19_U_BMS_VSNS2 NewDesignator=D19_U_BMS_VSNS3
Change Component Designator: OldDesignator=D19_U_BMS_VSNS3 NewDesignator=D19_U_BMS_VSNS4
Change Component Designator: OldDesignator=D19_U_BMS_VSNS4 NewDesignator=D19_U_BMS_VSNS5
Change Component Designator: OldDesignator=D19_U_BMS_VSNS5 NewDesignator=D19_U_BMS_VSNS6
Change Component Designator: OldDesignator=D19_U_BMS_VSNS6 NewDesignator=D19_U_BMS_VSNS7
Change Component Designator: OldDesignator=D19_U_BMS_VSNS7 NewDesignator=D19_U_BMS_VSNS8
Change Component Designator: OldDesignator=D19_U_BMS_VSNS8 NewDesignator=D19_U_BMS_VSNS9
Change Component Designator: OldDesignator=D19_U_BMS_VSNS9 NewDesignator=D19_U_BMS_VSNS10
Change Component Designator: OldDesignator=Q2 NewDesignator=Q2_U_BMS_VSNS1
Change Component Designator: OldDesignator=Q2_U_BMS_VSNS1 NewDesignator=Q2_U_BMS_VSNS2
Change Component Designator: OldDesignator=Q2_U_BMS_VSNS2 NewDesignator=Q2_U_BMS_VSNS3
Change Component Designator: OldDesignator=Q2_U_BMS_VSNS3 NewDesignator=Q2_U_BMS_VSNS4
Change Component Designator: OldDesignator=Q2_U_BMS_VSNS4 NewDesignator=Q2_U_BMS_VSNS5
Change Component Designator: OldDesignator=Q2_U_BMS_VSNS5 NewDesignator=Q2_U_BMS_VSNS6
Change Component Designator: OldDesignator=Q2_U_BMS_VSNS6 NewDesignator=Q2_U_BMS_VSNS7
Change Component Designator: OldDesignator=Q2_U_BMS_VSNS7 NewDesignator=Q2_U_BMS_VSNS8
Change Component Designator: OldDesignator=Q2_U_BMS_VSNS8 NewDesignator=Q2_U_BMS_VSNS9
Change Component Designator: OldDesignator=Q2_U_BMS_VSNS9 NewDesignator=Q2_U_BMS_VSNS10
Change Component Designator: OldDesignator=R35 NewDesignator=R35_U_BMS_VSNS1
Change Component Designator: OldDesignator=R35_U_BMS_VSNS1 NewDesignator=R35_U_BMS_VSNS2
Change Component Designator: OldDesignator=R35_U_BMS_VSNS2 NewDesignator=R35_U_BMS_VSNS3
Change Component Designator: OldDesignator=R35_U_BMS_VSNS3 NewDesignator=R35_U_BMS_VSNS4
Change Component Designator: OldDesignator=R35_U_BMS_VSNS4 NewDesignator=R35_U_BMS_VSNS5
Change Component Designator: OldDesignator=R35_U_BMS_VSNS5 NewDesignator=R35_U_BMS_VSNS6
Change Component Designator: OldDesignator=R35_U_BMS_VSNS6 NewDesignator=R35_U_BMS_VSNS7
Change Component Designator: OldDesignator=R35_U_BMS_VSNS7 NewDesignator=R35_U_BMS_VSNS8
Change Component Designator: OldDesignator=R35_U_BMS_VSNS8 NewDesignator=R35_U_BMS_VSNS9
Change Component Designator: OldDesignator=R35_U_BMS_VSNS9 NewDesignator=R35_U_BMS_VSNS10
Change Component Designator: OldDesignator=R36 NewDesignator=R36_U_BMS_VSNS1
Change Component Designator: OldDesignator=R36_U_BMS_VSNS1 NewDesignator=R36_U_BMS_VSNS2
Change Component Designator: OldDesignator=R36_U_BMS_VSNS2 NewDesignator=R36_U_BMS_VSNS3
Change Component Designator: OldDesignator=R36_U_BMS_VSNS3 NewDesignator=R36_U_BMS_VSNS4
Change Component Designator: OldDesignator=R36_U_BMS_VSNS4 NewDesignator=R36_U_BMS_VSNS5
Change Component Designator: OldDesignator=R36_U_BMS_VSNS5 NewDesignator=R36_U_BMS_VSNS6
Change Component Designator: OldDesignator=R36_U_BMS_VSNS6 NewDesignator=R36_U_BMS_VSNS7
Change Component Designator: OldDesignator=R36_U_BMS_VSNS7 NewDesignator=R36_U_BMS_VSNS8
Change Component Designator: OldDesignator=R36_U_BMS_VSNS8 NewDesignator=R36_U_BMS_VSNS9
Change Component Designator: OldDesignator=R36_U_BMS_VSNS9 NewDesignator=R36_U_BMS_VSNS10
Change Component Designator: OldDesignator=R37 NewDesignator=R37_U_BMS_VSNS1
Change Component Designator: OldDesignator=R37_U_BMS_VSNS1 NewDesignator=R37_U_BMS_VSNS2
Change Component Designator: OldDesignator=R37_U_BMS_VSNS2 NewDesignator=R37_U_BMS_VSNS3
Change Component Designator: OldDesignator=R37_U_BMS_VSNS3 NewDesignator=R37_U_BMS_VSNS4
Change Component Designator: OldDesignator=R37_U_BMS_VSNS4 NewDesignator=R37_U_BMS_VSNS5
Change Component Designator: OldDesignator=R37_U_BMS_VSNS5 NewDesignator=R37_U_BMS_VSNS6
Change Component Designator: OldDesignator=R37_U_BMS_VSNS6 NewDesignator=R37_U_BMS_VSNS7
Change Component Designator: OldDesignator=R37_U_BMS_VSNS7 NewDesignator=R37_U_BMS_VSNS8
Change Component Designator: OldDesignator=R37_U_BMS_VSNS8 NewDesignator=R37_U_BMS_VSNS9
Change Component Designator: OldDesignator=R37_U_BMS_VSNS9 NewDesignator=R37_U_BMS_VSNS10
Change Component Designator: OldDesignator=R38 NewDesignator=R38_U_BMS_VSNS1
Change Component Designator: OldDesignator=R38_U_BMS_VSNS1 NewDesignator=R38_U_BMS_VSNS2
Change Component Designator: OldDesignator=R38_U_BMS_VSNS2 NewDesignator=R38_U_BMS_VSNS3
Change Component Designator: OldDesignator=R38_U_BMS_VSNS3 NewDesignator=R38_U_BMS_VSNS4
Change Component Designator: OldDesignator=R38_U_BMS_VSNS4 NewDesignator=R38_U_BMS_VSNS5
Change Component Designator: OldDesignator=R38_U_BMS_VSNS5 NewDesignator=R38_U_BMS_VSNS6
Change Component Designator: OldDesignator=R38_U_BMS_VSNS6 NewDesignator=R38_U_BMS_VSNS7
Change Component Designator: OldDesignator=R38_U_BMS_VSNS7 NewDesignator=R38_U_BMS_VSNS8
Change Component Designator: OldDesignator=R38_U_BMS_VSNS8 NewDesignator=R38_U_BMS_VSNS9
Change Component Designator: OldDesignator=R38_U_BMS_VSNS9 NewDesignator=R38_U_BMS_VSNS10
Change Component Designator: OldDesignator=R39 NewDesignator=R39_U_BMS_VSNS1
Change Component Designator: OldDesignator=R39_U_BMS_VSNS1 NewDesignator=R39_U_BMS_VSNS2
Change Component Designator: OldDesignator=R39_U_BMS_VSNS2 NewDesignator=R39_U_BMS_VSNS3
Change Component Designator: OldDesignator=R39_U_BMS_VSNS3 NewDesignator=R39_U_BMS_VSNS4
Change Component Designator: OldDesignator=R39_U_BMS_VSNS4 NewDesignator=R39_U_BMS_VSNS5
Change Component Designator: OldDesignator=R39_U_BMS_VSNS5 NewDesignator=R39_U_BMS_VSNS6
Change Component Designator: OldDesignator=R39_U_BMS_VSNS6 NewDesignator=R39_U_BMS_VSNS7
Change Component Designator: OldDesignator=R39_U_BMS_VSNS7 NewDesignator=R39_U_BMS_VSNS8
Change Component Designator: OldDesignator=R39_U_BMS_VSNS8 NewDesignator=R39_U_BMS_VSNS9
Change Component Designator: OldDesignator=R39_U_BMS_VSNS9 NewDesignator=R39_U_BMS_VSNS10
