Removed Pin From Net: NetName=WAKE Pin=J4-2
Removed Pin From Net: NetName=RX Pin=J4-3
Removed Pin From Net: NetName=TX Pin=J4-4
Removed Pin From Net: NetName=nFLT Pin=J4-5
Removed Pin From Net: NetName=VIO Pin=U4-1
Removed Pin From Net: NetName=CELL0 Pin=U4-2
Removed Pin From Net: NetName=TX-ISO Pin=U4-3
Removed Pin From Net: NetName=nFLT-ISO Pin=U4-4
Removed Pin From Net: NetName=WAKEUP Pin=U4-5
Removed Pin From Net: NetName=RX-ISO Pin=U4-6
Removed Pin From Net: NetName=VIO Pin=U4-7
Removed Pin From Net: NetName=CELL0 Pin=U4-8
Removed Pin From Net: NetName=ISO_GND Pin=U4-9
Removed Pin From Net: NetName=VCC Pin=U4-10
Removed Pin From Net: NetName=RX Pin=U4-11
Removed Pin From Net: NetName=WAKE Pin=U4-12
Removed Pin From Net: NetName=nFLT Pin=U4-13
Removed Pin From Net: NetName=TX Pin=U4-14
Removed Pin From Net: NetName=ISO_GND Pin=U4-15
Removed Pin From Net: NetName=VCC Pin=U4-16
Added Pin To Net: NetName=RX Pin=J4-2
Added Pin To Net: NetName=WAKE Pin=J4-3
Added Pin To Net: NetName=nFLT Pin=J4-4
Added Pin To Net: NetName=TX Pin=J4-5
Added Pin To Net: NetName=VCC Pin=U4-1
Added Pin To Net: NetName=ISO_GND Pin=U4-2
Added Pin To Net: NetName=nFLT Pin=U4-3
Added Pin To Net: NetName=TX Pin=U4-4
Added Pin To Net: NetName=RX Pin=U4-5
Added Pin To Net: NetName=WAKE Pin=U4-6
Added Pin To Net: NetName=VCC Pin=U4-7
Added Pin To Net: NetName=ISO_GND Pin=U4-8
Added Pin To Net: NetName=CELL0 Pin=U4-9
Added Pin To Net: NetName=VIO Pin=U4-10
Added Pin To Net: NetName=WAKEUP Pin=U4-11
Added Pin To Net: NetName=RX-ISO Pin=U4-12
Added Pin To Net: NetName=TX-ISO Pin=U4-13
Added Pin To Net: NetName=nFLT-ISO Pin=U4-14
Added Pin To Net: NetName=CELL0 Pin=U4-15
Added Pin To Net: NetName=VIO Pin=U4-16
