Change Component Designator: OldDesignator=C24_1 NewDesignator=C24
Change Component Designator: OldDesignator=C24_2 NewDesignator=C24
Change Component Designator: OldDesignator=C24_3 NewDesignator=C24
Change Component Designator: OldDesignator=C24_4 NewDesignator=C24
Change Component Designator: OldDesignator=C24_5 NewDesignator=C24
Change Component Designator: OldDesignator=C24_6 NewDesignator=C24
Change Component Designator: OldDesignator=C24_7 NewDesignator=C24
Change Component Designator: OldDesignator=C24_8 NewDesignator=C24
Change Component Designator: OldDesignator=C24_9 NewDesignator=C24
Change Component Designator: OldDesignator=C24_10 NewDesignator=C24
Change Component Designator: OldDesignator=D18_1 NewDesignator=D18
Change Component Designator: OldDesignator=D18_2 NewDesignator=D18
Change Component Designator: OldDesignator=D18_3 NewDesignator=D18
Change Component Designator: OldDesignator=D18_4 NewDesignator=D18
Change Component Designator: OldDesignator=D18_5 NewDesignator=D18
Change Component Designator: OldDesignator=D18_6 NewDesignator=D18
Change Component Designator: OldDesignator=D18_7 NewDesignator=D18
Change Component Designator: OldDesignator=D18_8 NewDesignator=D18
Change Component Designator: OldDesignator=D18_9 NewDesignator=D18
Change Component Designator: OldDesignator=D18_10 NewDesignator=D18
Change Component Designator: OldDesignator=D19_1 NewDesignator=D19
Change Component Designator: OldDesignator=D19_2 NewDesignator=D19_
Change Component Designator: OldDesignator=Q2_1 NewDesignator=Q2
Change Component Designator: OldDesignator=Q2_2 NewDesignator=Q2
Change Component Designator: OldDesignator=Q2_3 NewDesignator=Q2
Change Component Designator: OldDesignator=Q2_4 NewDesignator=Q2
Change Component Designator: OldDesignator=Q2_5 NewDesignator=Q2
Change Component Designator: OldDesignator=Q2_6 NewDesignator=Q2
Change Component Designator: OldDesignator=Q2_7 NewDesignator=Q2
Change Component Designator: OldDesignator=Q2_8 NewDesignator=Q2
Change Component Designator: OldDesignator=Q2_9 NewDesignator=Q2
Change Component Designator: OldDesignator=Q2_10 NewDesignator=Q2
Change Component Designator: OldDesignator=R35_1 NewDesignator=R35
Change Component Designator: OldDesignator=R35_2 NewDesignator=R35
Change Component Designator: OldDesignator=R35_3 NewDesignator=R35
Change Component Designator: OldDesignator=R35_4 NewDesignator=R35
Change Component Designator: OldDesignator=R35_5 NewDesignator=R35
Change Component Designator: OldDesignator=R35_6 NewDesignator=R35
Change Component Designator: OldDesignator=R35_7 NewDesignator=R35
Change Component Designator: OldDesignator=R35_8 NewDesignator=R35
Change Component Designator: OldDesignator=R35_9 NewDesignator=R35
Change Component Designator: OldDesignator=R35_10 NewDesignator=R35
Change Component Designator: OldDesignator=R36_1 NewDesignator=R36
Change Component Designator: OldDesignator=R36_2 NewDesignator=R36
Change Component Designator: OldDesignator=R36_3 NewDesignator=R36
Change Component Designator: OldDesignator=R36_4 NewDesignator=R36
Change Component Designator: OldDesignator=R36_5 NewDesignator=R36
Change Component Designator: OldDesignator=R36_6 NewDesignator=R36
Change Component Designator: OldDesignator=R36_7 NewDesignator=R36
Change Component Designator: OldDesignator=R36_8 NewDesignator=R36
Change Component Designator: OldDesignator=R36_9 NewDesignator=R36
Change Component Designator: OldDesignator=R36_10 NewDesignator=R36
Change Component Designator: OldDesignator=R37_1 NewDesignator=R37
Change Component Designator: OldDesignator=R37_2 NewDesignator=R37
Change Component Designator: OldDesignator=R37_3 NewDesignator=R37
Change Component Designator: OldDesignator=R37_4 NewDesignator=R37
Change Component Designator: OldDesignator=R37_5 NewDesignator=R37
Change Component Designator: OldDesignator=R37_6 NewDesignator=R37
Change Component Designator: OldDesignator=R37_7 NewDesignator=R37
Change Component Designator: OldDesignator=R37_8 NewDesignator=R37
Change Component Designator: OldDesignator=R37_9 NewDesignator=R37
Change Component Designator: OldDesignator=R37_10 NewDesignator=R37
Change Component Designator: OldDesignator=R38_1 NewDesignator=R38
Change Component Designator: OldDesignator=R38_2 NewDesignator=R38
Change Component Designator: OldDesignator=R38_3 NewDesignator=R38
Change Component Designator: OldDesignator=R38_4 NewDesignator=R38
Change Component Designator: OldDesignator=R38_5 NewDesignator=R38
Change Component Designator: OldDesignator=R38_6 NewDesignator=R38
Change Component Designator: OldDesignator=R38_7 NewDesignator=R38
Change Component Designator: OldDesignator=R38_8 NewDesignator=R38
Change Component Designator: OldDesignator=R38_9 NewDesignator=R38
Change Component Designator: OldDesignator=R38_10 NewDesignator=R38
Change Component Designator: OldDesignator=R39_1 NewDesignator=R39
Change Component Designator: OldDesignator=R39_2 NewDesignator=R39
Change Component Designator: OldDesignator=R39_3 NewDesignator=R39
Change Component Designator: OldDesignator=R39_4 NewDesignator=R39
Change Component Designator: OldDesignator=R39_5 NewDesignator=R39
Change Component Designator: OldDesignator=R39_6 NewDesignator=R39
Change Component Designator: OldDesignator=R39_7 NewDesignator=R39
Change Component Designator: OldDesignator=R39_8 NewDesignator=R39
Change Component Designator: OldDesignator=R39_9 NewDesignator=R39
Change Component Designator: OldDesignator=R39_10 NewDesignator=R39
