Change Pin Designator/Name:  Old Designator=C17-1 Old Name=1 New Designator =1 New Name=1
Change Pin Designator/Name:  Old Designator=C18-1 Old Name=1 New Designator =1 New Name=1
Change Pin Designator/Name:  Old Designator=C19-1 Old Name=1 New Designator =1 New Name=1
Change Pin Designator/Name:  Old Designator=C44-1 Old Name=1 New Designator =1 New Name=1
Change Pin Designator/Name:  Old Designator=C45-2 Old Name=2 New Designator =2 New Name=2
Change Pin Designator/Name:  Old Designator=C46-1 Old Name=1 New Designator =1 New Name=1
Change Pin Designator/Name:  Old Designator=C47-1 Old Name=1 New Designator =1 New Name=1
Change Pin Designator/Name:  Old Designator=C49-2 Old Name=2 New Designator =2 New Name=2
Change Pin Designator/Name:  Old Designator=C50-2 Old Name=2 New Designator =2 New Name=2
Change Pin Designator/Name:  Old Designator=C51-1 Old Name=1 New Designator =1 New Name=1
Change Pin Designator/Name:  Old Designator=C52-1 Old Name=1 New Designator =1 New Name=1
Change Pin Designator/Name:  Old Designator=D19-1 Old Name=A New Designator =A New Name=1
Change Pin Designator/Name:  Old Designator=D20-2 Old Name=K New Designator =K New Name=2
Change Pin Designator/Name:  Old Designator=H1-1 Old Name=1 New Designator =1 New Name=1
Change Pin Designator/Name:  Old Designator=H4-1 Old Name=1 New Designator =1 New Name=1
Change Pin Designator/Name:  Old Designator=U1-30 Old Name=DGND1 New Designator =DGND1 New Name=30
Change Pin Designator/Name:  Old Designator=U1-48 Old Name=CGND New Designator =CGND New Name=48
Change Pin Designator/Name:  Old Designator=U1-59 Old Name=AUX7 New Designator =FAULTL+ New Name=50
Change Pin Designator/Name:  Old Designator=U1-62 Old Name=AUX4 New Designator =FAULTL- New Name=51
Change Pin Designator/Name:  Old Designator=U1-63 Old Name=AUX3 New Designator =COMML+ New Name=52
Change Pin Designator/Name:  Old Designator=U1-64 Old Name=AUX2 New Designator =FAULTH- New Name=56
Change Pin Designator/Name:  Old Designator=U1-69 Old Name=AGND3 New Designator =AGND3 New Name=69
Change Pin Designator/Name:  Old Designator=U1-72 Old Name=AGND2 New Designator =AGND2 New Name=72
Change Pin Designator/Name:  Old Designator=U1-74 Old Name=AGND1 New Designator =AGND1 New Name=74
