Added Component: Designator=(CELL HDR)
Add component. Clean all parameters for all variants
Add component (AddParameter): Name = "Colour"; Value = "Black"; VariantName = "[No Variations]"
Add component (AddParameter): Name = "Contact Gender"; Value = "Male"; VariantName = "[No Variations]"
Add component (AddParameter): Name = "Contact Material"; Value = "Bronze,Copper"; VariantName = "[No Variations]"
Add component (AddParameter): Name = "Contact Plating"; Value = "Gold"; VariantName = "[No Variations]"
Add component (AddParameter): Name = "Current Rating"; Value = "3A"; VariantName = "[No Variations]"
Add component (AddParameter): Name = "ELV"; Value = "Compliant"; VariantName = "[No Variations]"
Add component (AddParameter): Name = "Flammability Rating"; Value = "UL94 V-0"; VariantName = "[No Variations]"
Add component (AddParameter): Name = "Glow Wire Compliant"; Value = "Non-compliant"; VariantName = "[No Variations]"
Add component (AddParameter): Name = "Housing Material"; Value = "Polyester"; VariantName = "[No Variations]"
Add component (AddParameter): Name = "Manufacturer"; Value = "Molex"; VariantName = "[No Variations]"
Add component (AddParameter): Name = "Manufacturer Part Number"; Value = "70555-0054"; VariantName = "[No Variations]"
Add component (AddParameter): Name = "Material"; Value = "Brass"; VariantName = "[No Variations]"
Add component (AddParameter): Name = "Mating Post Length"; Value = "6.1mm"; VariantName = "[No Variations]"
Add component (AddParameter): Name = "Number of Circuits"; Value = "20"; VariantName = "[No Variations]"
Add component (AddParameter): Name = "Number of Contacts"; Value = "20"; VariantName = "[No Variations]"
Add component (AddParameter): Name = "Number of Positions"; Value = "20"; VariantName = "[No Variations]"
Add component (AddParameter): Name = "Number of Rows"; Value = "1"; VariantName = "[No Variations]"
Add component (AddParameter): Name = "Orientation"; Value = "Right Angle"; VariantName = "[No Variations]"
Add component (AddParameter): Name = "Packaging"; Value = "Rail/Tube"; VariantName = "[No Variations]"
Add component (AddParameter): Name = "Pitch"; Value = "2.54mm"; VariantName = "[No Variations]"
Add component (AddParameter): Name = "Pricing 1"; Value = "360=6.1646 (USD)"; VariantName = "[No Variations]"
Add component (AddParameter): Name = "Stock 1"; Value = "0"; VariantName = "[No Variations]"
Add component (AddParameter): Name = "Supplier 1"; Value = "Digi-Key"; VariantName = "[No Variations]"
Add component (AddParameter): Name = "Supplier Part Number 1"; Value = "0705550054-ND"; VariantName = "[No Variations]"
Add component (AddParameter): Name = "Termination"; Value = "Through Hole"; VariantName = "[No Variations]"
Add component (AddParameter): Name = "Termination Post Length"; Value = "3.3mm"; VariantName = "[No Variations]"
Add component (AddParameter): Name = "Voltage Rating"; Value = "250V"; VariantName = "[No Variations]"
Add component (AddParameter): Name = "Voltage Rating (DC)"; Value = "250V"; VariantName = "[No Variations]"
Added Pin To Net: NetName=GND Pin=-1
Added Pin To Net: NetName=GND Pin=-2
Added Pin To Net: NetName=CELL0 Pin=-3
Added Pin To Net: NetName=CELL1 Pin=-4
Added Pin To Net: NetName=CELL2 Pin=-5
Added Pin To Net: NetName=CELL3 Pin=-6
Added Pin To Net: NetName=CELL4 Pin=-7
Added Pin To Net: NetName=CELL5 Pin=-8
Added Pin To Net: NetName=CELL6 Pin=-9
Added Pin To Net: NetName=CELL7 Pin=-10
Added Pin To Net: NetName=CELL8 Pin=-11
Added Pin To Net: NetName=CELL9 Pin=-12
Added Pin To Net: NetName=CELL10 Pin=-13
Added Pin To Net: NetName=CELL11 Pin=-14
Added Pin To Net: NetName=CELL12 Pin=-15
Added Pin To Net: NetName=CELL13 Pin=-16
Added Pin To Net: NetName=CELL14 Pin=-17
Added Pin To Net: NetName=CELL15 Pin=-18
Added Pin To Net: NetName=CELL16 Pin=-19
Added Pin To Net: NetName=TOP Pin=-20
Added Member To Class: ClassName=CELL_BALANCE Member=Component  HDR 20
