Removed Pin From Net: NetName=NetD41_1_1_1 Pin=R115_1_1-1
Removed Pin From Net: NetName=CELL1 Pin=R115_1_1-2
Removed Pin From Net: NetName=NetD41_1_2_1 Pin=R115_1_2-1
Removed Pin From Net: NetName=CELL2 Pin=R115_1_2-2
Removed Pin From Net: NetName=NetD41_1_3_1 Pin=R115_1_3-1
Removed Pin From Net: NetName=CELL3 Pin=R115_1_3-2
Removed Pin From Net: NetName=NetD41_1_4_1 Pin=R115_1_4-1
Removed Pin From Net: NetName=CELL4 Pin=R115_1_4-2
Removed Pin From Net: NetName=NetD41_1_5_1 Pin=R115_1_5-1
Removed Pin From Net: NetName=CELL5 Pin=R115_1_5-2
Removed Pin From Net: NetName=NetD41_1_6_1 Pin=R115_1_6-1
Removed Pin From Net: NetName=CELL6 Pin=R115_1_6-2
Removed Pin From Net: NetName=NetD41_1_7_1 Pin=R115_1_7-1
Removed Pin From Net: NetName=CELL7 Pin=R115_1_7-2
Removed Pin From Net: NetName=NetD41_1_8_1 Pin=R115_1_8-1
Removed Pin From Net: NetName=CELL8 Pin=R115_1_8-2
Removed Pin From Net: NetName=NetD41_1_9_1 Pin=R115_1_9-1
Removed Pin From Net: NetName=CELL9 Pin=R115_1_9-2
Removed Pin From Net: NetName=NetD41_1_10_1 Pin=R115_1_10-1
Removed Pin From Net: NetName=CELL10 Pin=R115_1_10-2
Removed Pin From Net: NetName=NetD41_1_11_1 Pin=R115_1_11-1
Removed Pin From Net: NetName=CELL11 Pin=R115_1_11-2
Removed Pin From Net: NetName=NetD41_1_12_1 Pin=R115_1_12-1
Removed Pin From Net: NetName=CELL12 Pin=R115_1_12-2
Removed Pin From Net: NetName=NetD41_1_13_1 Pin=R115_1_13-1
Removed Pin From Net: NetName=CELL13 Pin=R115_1_13-2
Removed Pin From Net: NetName=NetD41_1_14_1 Pin=R115_1_14-1
Removed Pin From Net: NetName=CELL14 Pin=R115_1_14-2
Removed Pin From Net: NetName=NetD41_1_15_1 Pin=R115_1_15-1
Removed Pin From Net: NetName=CELL15 Pin=R115_1_15-2
Removed Pin From Net: NetName=NetD41_1_16_1 Pin=R115_1_16-1
Removed Pin From Net: NetName=CELL16 Pin=R115_1_16-2
Removed Member From Class: ClassName=1 Member=R115_1_1
Removed Member From Class: ClassName=2 Member=R115_1_2
Removed Member From Class: ClassName=3 Member=R115_1_3
Removed Member From Class: ClassName=4 Member=R115_1_4
Removed Member From Class: ClassName=5 Member=R115_1_5
Removed Member From Class: ClassName=6 Member=R115_1_6
Removed Member From Class: ClassName=7 Member=R115_1_7
Removed Member From Class: ClassName=8 Member=R115_1_8
Removed Member From Class: ClassName=9 Member=R115_1_9
Removed Member From Class: ClassName=10 Member=R115_1_10
Removed Member From Class: ClassName=11 Member=R115_1_11
Removed Member From Class: ClassName=12 Member=R115_1_12
Removed Member From Class: ClassName=13 Member=R115_1_13
Removed Member From Class: ClassName=14 Member=R115_1_14
Removed Member From Class: ClassName=15 Member=R115_1_15
Removed Member From Class: ClassName=16 Member=R115_1_16
Added Component: Designator=R2_1(0603 RES)
Add component. Clean all parameters for all variants
Add component (AddParameter): Name = "LatestRevisionDate"; Value = "17-Jul-2002"; VariantName = "[No Variations]"
Add component (AddParameter): Name = "LatestRevisionNote"; Value = "Re-released for DXP Platform."; VariantName = "[No Variations]"
Add component (AddParameter): Name = "PackageDescription"; Value = "Axial Device, Thru-Hole; 2 Leads; 0.3 in Pin Spacing"; VariantName = "[No Variations]"
Add component (AddParameter): Name = "PackageReference"; Value = "AXIAL-0.3"; VariantName = "[No Variations]"
Add component (AddParameter): Name = "Published"; Value = "8-Jun-2000"; VariantName = "[No Variations]"
Add component (AddParameter): Name = "Publisher"; Value = "Altium Limited"; VariantName = "[No Variations]"
Add component (AddParameter): Name = "Value"; Value = "1K"; VariantName = "[No Variations]"
Added Component: Designator=R2_2(0603 RES)
Add component. Clean all parameters for all variants
Add component (AddParameter): Name = "LatestRevisionDate"; Value = "17-Jul-2002"; VariantName = "[No Variations]"
Add component (AddParameter): Name = "LatestRevisionNote"; Value = "Re-released for DXP Platform."; VariantName = "[No Variations]"
Add component (AddParameter): Name = "PackageDescription"; Value = "Axial Device, Thru-Hole; 2 Leads; 0.3 in Pin Spacing"; VariantName = "[No Variations]"
Add component (AddParameter): Name = "PackageReference"; Value = "AXIAL-0.3"; VariantName = "[No Variations]"
Add component (AddParameter): Name = "Published"; Value = "8-Jun-2000"; VariantName = "[No Variations]"
Add component (AddParameter): Name = "Publisher"; Value = "Altium Limited"; VariantName = "[No Variations]"
Add component (AddParameter): Name = "Value"; Value = "1K"; VariantName = "[No Variations]"
Added Component: Designator=R2_3(0603 RES)
Add component. Clean all parameters for all variants
Add component (AddParameter): Name = "LatestRevisionDate"; Value = "17-Jul-2002"; VariantName = "[No Variations]"
Add component (AddParameter): Name = "LatestRevisionNote"; Value = "Re-released for DXP Platform."; VariantName = "[No Variations]"
Add component (AddParameter): Name = "PackageDescription"; Value = "Axial Device, Thru-Hole; 2 Leads; 0.3 in Pin Spacing"; VariantName = "[No Variations]"
Add component (AddParameter): Name = "PackageReference"; Value = "AXIAL-0.3"; VariantName = "[No Variations]"
Add component (AddParameter): Name = "Published"; Value = "8-Jun-2000"; VariantName = "[No Variations]"
Add component (AddParameter): Name = "Publisher"; Value = "Altium Limited"; VariantName = "[No Variations]"
Add component (AddParameter): Name = "Value"; Value = "1K"; VariantName = "[No Variations]"
Added Component: Designator=R2_4(0603 RES)
Add component. Clean all parameters for all variants
Add component (AddParameter): Name = "LatestRevisionDate"; Value = "17-Jul-2002"; VariantName = "[No Variations]"
Add component (AddParameter): Name = "LatestRevisionNote"; Value = "Re-released for DXP Platform."; VariantName = "[No Variations]"
Add component (AddParameter): Name = "PackageDescription"; Value = "Axial Device, Thru-Hole; 2 Leads; 0.3 in Pin Spacing"; VariantName = "[No Variations]"
Add component (AddParameter): Name = "PackageReference"; Value = "AXIAL-0.3"; VariantName = "[No Variations]"
Add component (AddParameter): Name = "Published"; Value = "8-Jun-2000"; VariantName = "[No Variations]"
Add component (AddParameter): Name = "Publisher"; Value = "Altium Limited"; VariantName = "[No Variations]"
Add component (AddParameter): Name = "Value"; Value = "1K"; VariantName = "[No Variations]"
Added Component: Designator=R2_5(0603 RES)
Add component. Clean all parameters for all variants
Add component (AddParameter): Name = "LatestRevisionDate"; Value = "17-Jul-2002"; VariantName = "[No Variations]"
Add component (AddParameter): Name = "LatestRevisionNote"; Value = "Re-released for DXP Platform."; VariantName = "[No Variations]"
Add component (AddParameter): Name = "PackageDescription"; Value = "Axial Device, Thru-Hole; 2 Leads; 0.3 in Pin Spacing"; VariantName = "[No Variations]"
Add component (AddParameter): Name = "PackageReference"; Value = "AXIAL-0.3"; VariantName = "[No Variations]"
Add component (AddParameter): Name = "Published"; Value = "8-Jun-2000"; VariantName = "[No Variations]"
Add component (AddParameter): Name = "Publisher"; Value = "Altium Limited"; VariantName = "[No Variations]"
Add component (AddParameter): Name = "Value"; Value = "1K"; VariantName = "[No Variations]"
Added Component: Designator=R2_6(0603 RES)
Add component. Clean all parameters for all variants
Add component (AddParameter): Name = "LatestRevisionDate"; Value = "17-Jul-2002"; VariantName = "[No Variations]"
Add component (AddParameter): Name = "LatestRevisionNote"; Value = "Re-released for DXP Platform."; VariantName = "[No Variations]"
Add component (AddParameter): Name = "PackageDescription"; Value = "Axial Device, Thru-Hole; 2 Leads; 0.3 in Pin Spacing"; VariantName = "[No Variations]"
Add component (AddParameter): Name = "PackageReference"; Value = "AXIAL-0.3"; VariantName = "[No Variations]"
Add component (AddParameter): Name = "Published"; Value = "8-Jun-2000"; VariantName = "[No Variations]"
Add component (AddParameter): Name = "Publisher"; Value = "Altium Limited"; VariantName = "[No Variations]"
Add component (AddParameter): Name = "Value"; Value = "1K"; VariantName = "[No Variations]"
Added Component: Designator=R2_7(0603 RES)
Add component. Clean all parameters for all variants
Add component (AddParameter): Name = "LatestRevisionDate"; Value = "17-Jul-2002"; VariantName = "[No Variations]"
Add component (AddParameter): Name = "LatestRevisionNote"; Value = "Re-released for DXP Platform."; VariantName = "[No Variations]"
Add component (AddParameter): Name = "PackageDescription"; Value = "Axial Device, Thru-Hole; 2 Leads; 0.3 in Pin Spacing"; VariantName = "[No Variations]"
Add component (AddParameter): Name = "PackageReference"; Value = "AXIAL-0.3"; VariantName = "[No Variations]"
Add component (AddParameter): Name = "Published"; Value = "8-Jun-2000"; VariantName = "[No Variations]"
Add component (AddParameter): Name = "Publisher"; Value = "Altium Limited"; VariantName = "[No Variations]"
Add component (AddParameter): Name = "Value"; Value = "1K"; VariantName = "[No Variations]"
Added Component: Designator=R2_8(0603 RES)
Add component. Clean all parameters for all variants
Add component (AddParameter): Name = "LatestRevisionDate"; Value = "17-Jul-2002"; VariantName = "[No Variations]"
Add component (AddParameter): Name = "LatestRevisionNote"; Value = "Re-released for DXP Platform."; VariantName = "[No Variations]"
Add component (AddParameter): Name = "PackageDescription"; Value = "Axial Device, Thru-Hole; 2 Leads; 0.3 in Pin Spacing"; VariantName = "[No Variations]"
Add component (AddParameter): Name = "PackageReference"; Value = "AXIAL-0.3"; VariantName = "[No Variations]"
Add component (AddParameter): Name = "Published"; Value = "8-Jun-2000"; VariantName = "[No Variations]"
Add component (AddParameter): Name = "Publisher"; Value = "Altium Limited"; VariantName = "[No Variations]"
Add component (AddParameter): Name = "Value"; Value = "1K"; VariantName = "[No Variations]"
Added Component: Designator=R2_9(0603 RES)
Add component. Clean all parameters for all variants
Add component (AddParameter): Name = "LatestRevisionDate"; Value = "17-Jul-2002"; VariantName = "[No Variations]"
Add component (AddParameter): Name = "LatestRevisionNote"; Value = "Re-released for DXP Platform."; VariantName = "[No Variations]"
Add component (AddParameter): Name = "PackageDescription"; Value = "Axial Device, Thru-Hole; 2 Leads; 0.3 in Pin Spacing"; VariantName = "[No Variations]"
Add component (AddParameter): Name = "PackageReference"; Value = "AXIAL-0.3"; VariantName = "[No Variations]"
Add component (AddParameter): Name = "Published"; Value = "8-Jun-2000"; VariantName = "[No Variations]"
Add component (AddParameter): Name = "Publisher"; Value = "Altium Limited"; VariantName = "[No Variations]"
Add component (AddParameter): Name = "Value"; Value = "1K"; VariantName = "[No Variations]"
Added Component: Designator=R2_10(0603 RES)
Add component. Clean all parameters for all variants
Add component (AddParameter): Name = "LatestRevisionDate"; Value = "17-Jul-2002"; VariantName = "[No Variations]"
Add component (AddParameter): Name = "LatestRevisionNote"; Value = "Re-released for DXP Platform."; VariantName = "[No Variations]"
Add component (AddParameter): Name = "PackageDescription"; Value = "Axial Device, Thru-Hole; 2 Leads; 0.3 in Pin Spacing"; VariantName = "[No Variations]"
Add component (AddParameter): Name = "PackageReference"; Value = "AXIAL-0.3"; VariantName = "[No Variations]"
Add component (AddParameter): Name = "Published"; Value = "8-Jun-2000"; VariantName = "[No Variations]"
Add component (AddParameter): Name = "Publisher"; Value = "Altium Limited"; VariantName = "[No Variations]"
Add component (AddParameter): Name = "Value"; Value = "1K"; VariantName = "[No Variations]"
Added Component: Designator=R2_11(0603 RES)
Add component. Clean all parameters for all variants
Add component (AddParameter): Name = "LatestRevisionDate"; Value = "17-Jul-2002"; VariantName = "[No Variations]"
Add component (AddParameter): Name = "LatestRevisionNote"; Value = "Re-released for DXP Platform."; VariantName = "[No Variations]"
Add component (AddParameter): Name = "PackageDescription"; Value = "Axial Device, Thru-Hole; 2 Leads; 0.3 in Pin Spacing"; VariantName = "[No Variations]"
Add component (AddParameter): Name = "PackageReference"; Value = "AXIAL-0.3"; VariantName = "[No Variations]"
Add component (AddParameter): Name = "Published"; Value = "8-Jun-2000"; VariantName = "[No Variations]"
Add component (AddParameter): Name = "Publisher"; Value = "Altium Limited"; VariantName = "[No Variations]"
Add component (AddParameter): Name = "Value"; Value = "1K"; VariantName = "[No Variations]"
Added Component: Designator=R2_12(0603 RES)
Add component. Clean all parameters for all variants
Add component (AddParameter): Name = "LatestRevisionDate"; Value = "17-Jul-2002"; VariantName = "[No Variations]"
Add component (AddParameter): Name = "LatestRevisionNote"; Value = "Re-released for DXP Platform."; VariantName = "[No Variations]"
Add component (AddParameter): Name = "PackageDescription"; Value = "Axial Device, Thru-Hole; 2 Leads; 0.3 in Pin Spacing"; VariantName = "[No Variations]"
Add component (AddParameter): Name = "PackageReference"; Value = "AXIAL-0.3"; VariantName = "[No Variations]"
Add component (AddParameter): Name = "Published"; Value = "8-Jun-2000"; VariantName = "[No Variations]"
Add component (AddParameter): Name = "Publisher"; Value = "Altium Limited"; VariantName = "[No Variations]"
Add component (AddParameter): Name = "Value"; Value = "1K"; VariantName = "[No Variations]"
Added Component: Designator=R2_13(0603 RES)
Add component. Clean all parameters for all variants
Add component (AddParameter): Name = "LatestRevisionDate"; Value = "17-Jul-2002"; VariantName = "[No Variations]"
Add component (AddParameter): Name = "LatestRevisionNote"; Value = "Re-released for DXP Platform."; VariantName = "[No Variations]"
Add component (AddParameter): Name = "PackageDescription"; Value = "Axial Device, Thru-Hole; 2 Leads; 0.3 in Pin Spacing"; VariantName = "[No Variations]"
Add component (AddParameter): Name = "PackageReference"; Value = "AXIAL-0.3"; VariantName = "[No Variations]"
Add component (AddParameter): Name = "Published"; Value = "8-Jun-2000"; VariantName = "[No Variations]"
Add component (AddParameter): Name = "Publisher"; Value = "Altium Limited"; VariantName = "[No Variations]"
Add component (AddParameter): Name = "Value"; Value = "1K"; VariantName = "[No Variations]"
Added Component: Designator=R2_14(0603 RES)
Add component. Clean all parameters for all variants
Add component (AddParameter): Name = "LatestRevisionDate"; Value = "17-Jul-2002"; VariantName = "[No Variations]"
Add component (AddParameter): Name = "LatestRevisionNote"; Value = "Re-released for DXP Platform."; VariantName = "[No Variations]"
Add component (AddParameter): Name = "PackageDescription"; Value = "Axial Device, Thru-Hole; 2 Leads; 0.3 in Pin Spacing"; VariantName = "[No Variations]"
Add component (AddParameter): Name = "PackageReference"; Value = "AXIAL-0.3"; VariantName = "[No Variations]"
Add component (AddParameter): Name = "Published"; Value = "8-Jun-2000"; VariantName = "[No Variations]"
Add component (AddParameter): Name = "Publisher"; Value = "Altium Limited"; VariantName = "[No Variations]"
Add component (AddParameter): Name = "Value"; Value = "1K"; VariantName = "[No Variations]"
Added Component: Designator=R2_15(0603 RES)
Add component. Clean all parameters for all variants
Add component (AddParameter): Name = "LatestRevisionDate"; Value = "17-Jul-2002"; VariantName = "[No Variations]"
Add component (AddParameter): Name = "LatestRevisionNote"; Value = "Re-released for DXP Platform."; VariantName = "[No Variations]"
Add component (AddParameter): Name = "PackageDescription"; Value = "Axial Device, Thru-Hole; 2 Leads; 0.3 in Pin Spacing"; VariantName = "[No Variations]"
Add component (AddParameter): Name = "PackageReference"; Value = "AXIAL-0.3"; VariantName = "[No Variations]"
Add component (AddParameter): Name = "Published"; Value = "8-Jun-2000"; VariantName = "[No Variations]"
Add component (AddParameter): Name = "Publisher"; Value = "Altium Limited"; VariantName = "[No Variations]"
Add component (AddParameter): Name = "Value"; Value = "1K"; VariantName = "[No Variations]"
Added Component: Designator=R2_16(0603 RES)
Add component. Clean all parameters for all variants
Add component (AddParameter): Name = "LatestRevisionDate"; Value = "17-Jul-2002"; VariantName = "[No Variations]"
Add component (AddParameter): Name = "LatestRevisionNote"; Value = "Re-released for DXP Platform."; VariantName = "[No Variations]"
Add component (AddParameter): Name = "PackageDescription"; Value = "Axial Device, Thru-Hole; 2 Leads; 0.3 in Pin Spacing"; VariantName = "[No Variations]"
Add component (AddParameter): Name = "PackageReference"; Value = "AXIAL-0.3"; VariantName = "[No Variations]"
Add component (AddParameter): Name = "Published"; Value = "8-Jun-2000"; VariantName = "[No Variations]"
Add component (AddParameter): Name = "Publisher"; Value = "Altium Limited"; VariantName = "[No Variations]"
Add component (AddParameter): Name = "Value"; Value = "1K"; VariantName = "[No Variations]"
Added Pin To Net: NetName=NetD41_1_1_1 Pin=R2_1-1
Added Pin To Net: NetName=CELL1 Pin=R2_1-2
Added Pin To Net: NetName=NetD41_1_2_1 Pin=R2_2-1
Added Pin To Net: NetName=CELL2 Pin=R2_2-2
Added Pin To Net: NetName=NetD41_1_3_1 Pin=R2_3-1
Added Pin To Net: NetName=CELL3 Pin=R2_3-2
Added Pin To Net: NetName=NetD41_1_4_1 Pin=R2_4-1
Added Pin To Net: NetName=CELL4 Pin=R2_4-2
Added Pin To Net: NetName=NetD41_1_5_1 Pin=R2_5-1
Added Pin To Net: NetName=CELL5 Pin=R2_5-2
Added Pin To Net: NetName=NetD41_1_6_1 Pin=R2_6-1
Added Pin To Net: NetName=CELL6 Pin=R2_6-2
Added Pin To Net: NetName=NetD41_1_7_1 Pin=R2_7-1
Added Pin To Net: NetName=CELL7 Pin=R2_7-2
Added Pin To Net: NetName=NetD41_1_8_1 Pin=R2_8-1
Added Pin To Net: NetName=CELL8 Pin=R2_8-2
Added Pin To Net: NetName=NetD41_1_9_1 Pin=R2_9-1
Added Pin To Net: NetName=CELL9 Pin=R2_9-2
Added Pin To Net: NetName=NetD41_1_10_1 Pin=R2_10-1
Added Pin To Net: NetName=CELL10 Pin=R2_10-2
Added Pin To Net: NetName=NetD41_1_11_1 Pin=R2_11-1
Added Pin To Net: NetName=CELL11 Pin=R2_11-2
Added Pin To Net: NetName=NetD41_1_12_1 Pin=R2_12-1
Added Pin To Net: NetName=CELL12 Pin=R2_12-2
Added Pin To Net: NetName=NetD41_1_13_1 Pin=R2_13-1
Added Pin To Net: NetName=CELL13 Pin=R2_13-2
Added Pin To Net: NetName=NetD41_1_14_1 Pin=R2_14-1
Added Pin To Net: NetName=CELL14 Pin=R2_14-2
Added Pin To Net: NetName=NetD41_1_15_1 Pin=R2_15-1
Added Pin To Net: NetName=CELL15 Pin=R2_15-2
Added Pin To Net: NetName=NetD41_1_16_1 Pin=R2_16-1
Added Pin To Net: NetName=CELL16 Pin=R2_16-2
Added Member To Class: ClassName=1 Member=Component R2_1 (R2) Res1
Added Member To Class: ClassName=2 Member=Component R2_2 (R2) Res1
Added Member To Class: ClassName=3 Member=Component R2_3 (R2) Res1
Added Member To Class: ClassName=4 Member=Component R2_4 (R2) Res1
Added Member To Class: ClassName=5 Member=Component R2_5 (R2) Res1
Added Member To Class: ClassName=6 Member=Component R2_6 (R2) Res1
Added Member To Class: ClassName=7 Member=Component R2_7 (R2) Res1
Added Member To Class: ClassName=8 Member=Component R2_8 (R2) Res1
Added Member To Class: ClassName=9 Member=Component R2_9 (R2) Res1
Added Member To Class: ClassName=10 Member=Component R2_10 (R2) Res1
Added Member To Class: ClassName=11 Member=Component R2_11 (R2) Res1
Added Member To Class: ClassName=12 Member=Component R2_12 (R2) Res1
Added Member To Class: ClassName=13 Member=Component R2_13 (R2) Res1
Added Member To Class: ClassName=14 Member=Component R2_14 (R2) Res1
Added Member To Class: ClassName=15 Member=Component R2_15 (R2) Res1
Added Member To Class: ClassName=16 Member=Component R2_16 (R2) Res1
