Removed Pin From Net: NetName=TOP Pin=C61-1
Removed Pin From Net: NetName=AUX6 Pin=H2-2
Removed Pin From Net: NetName=AUX5 Pin=H2-3
Removed Pin From Net: NetName=AUX0 Pin=H2-8
Removed Pin From Net: NetName=TOP Pin=Q18-4
Removed Pin From Net: NetName=TOP Pin=R67-2
Removed Pin From Net: NetName=AUX0 Pin=R106-2
Removed Pin From Net: NetName=AUX5 Pin=R111-2
Removed Pin From Net: NetName=AUX6 Pin=R112-2
Removed Pin From Net: NetName=AUX7 Pin=U1-59
Removed Pin From Net: NetName=AUX4 Pin=U1-62
Removed Pin From Net: NetName=AUX3 Pin=U1-63
Removed Pin From Net: NetName=AUX2 Pin=U1-64
Removed Pin From Net: NetName=AUX1 Pin=U1-65
Added Pin To Net: NetName=GND Pin=C17-1
Added Pin To Net: NetName=GND Pin=C18-1
Added Pin To Net: NetName=GND Pin=C19-1
Added Pin To Net: NetName=GND Pin=C44-1
Added Pin To Net: NetName=GND Pin=C45-2
Added Pin To Net: NetName=GND Pin=C46-1
Added Pin To Net: NetName=GND Pin=C47-1
Added Pin To Net: NetName=GND Pin=C49-2
Added Pin To Net: NetName=GND Pin=C50-2
Added Pin To Net: NetName=GND Pin=H1-1
Added Pin To Net: NetName=NetH2_2 Pin=H2-2
Added Pin To Net: NetName=NetH2_3 Pin=H2-3
Added Pin To Net: NetName=NetH2_8 Pin=H2-8
Added Pin To Net: NetName=NetH2_8 Pin=R106-2
Added Pin To Net: NetName=NetH2_3 Pin=R111-2
Added Pin To Net: NetName=NetH2_2 Pin=R112-2
Added Pin To Net: NetName=GND Pin=U1-69
Added Pin To Net: NetName=GND Pin=U1-72
Added Pin To Net: NetName=GND Pin=U1-74
Change Net Name : Old Net Name=NetD33_2 New Net Name=FAULTH+
Change Net Name : Old Net Name=NetD34_2 New Net Name=FAULTH-
Change Net Name : Old Net Name=NetD35_2 New Net Name=COMMH+
Change Net Name : Old Net Name=NetD36_2 New Net Name=COMMH-
Change Net Name : Old Net Name=NetD37_2 New Net Name=COMML-
Change Net Name : Old Net Name=NetD38_2 New Net Name=COMML+
Change Net Name : Old Net Name=NetD39_2 New Net Name=FAULTL-
Change Net Name : Old Net Name=NetD40_2 New Net Name=FAULTL+
Added Room: Name=1
Added Room: Name=1
Added Room: Name=2
Added Room: Name=2
Added Room: Name=3
Added Room: Name=3
Added Room: Name=4
Added Room: Name=4
Added Room: Name=5
Added Room: Name=5
Added Room: Name=6
Added Room: Name=7
Added Room: Name=8
Added Room: Name=9
Added Room: Name=10
Added Room: Name=11
Added Room: Name=12
Added Room: Name=13
Added Room: Name=14
Added Room: Name=15
Added Room: Name=16
