Removed Pin From Net: NetName=EQ1 Pin=R117_1_1-1
Removed Pin From Net: NetName=NetQ1_1_1 Pin=R117_1_1-2
Removed Pin From Net: NetName=EQ2 Pin=R117_1_2-1
Removed Pin From Net: NetName=NetQ1_2_1 Pin=R117_1_2-2
Removed Pin From Net: NetName=EQ3 Pin=R117_1_3-1
Removed Pin From Net: NetName=NetQ1_3_1 Pin=R117_1_3-2
Removed Pin From Net: NetName=EQ4 Pin=R117_1_4-1
Removed Pin From Net: NetName=NetQ1_4_1 Pin=R117_1_4-2
Removed Pin From Net: NetName=EQ5 Pin=R117_1_5-1
Removed Pin From Net: NetName=NetQ1_5_1 Pin=R117_1_5-2
Removed Pin From Net: NetName=EQ6 Pin=R117_1_6-1
Removed Pin From Net: NetName=NetQ1_6_1 Pin=R117_1_6-2
Removed Pin From Net: NetName=EQ7 Pin=R117_1_7-1
Removed Pin From Net: NetName=NetQ1_7_1 Pin=R117_1_7-2
Removed Pin From Net: NetName=EQ8 Pin=R117_1_8-1
Removed Pin From Net: NetName=NetQ1_8_1 Pin=R117_1_8-2
Removed Pin From Net: NetName=EQ9 Pin=R117_1_9-1
Removed Pin From Net: NetName=NetQ1_9_1 Pin=R117_1_9-2
Removed Pin From Net: NetName=EQ10 Pin=R117_1_10-1
Removed Pin From Net: NetName=NetQ1_10_1 Pin=R117_1_10-2
Removed Pin From Net: NetName=EQ11 Pin=R117_1_11-1
Removed Pin From Net: NetName=NetQ1_11_1 Pin=R117_1_11-2
Removed Pin From Net: NetName=EQ12 Pin=R117_1_12-1
Removed Pin From Net: NetName=NetQ1_12_1 Pin=R117_1_12-2
Removed Pin From Net: NetName=EQ13 Pin=R117_1_13-1
Removed Pin From Net: NetName=NetQ1_13_1 Pin=R117_1_13-2
Removed Pin From Net: NetName=EQ14 Pin=R117_1_14-1
Removed Pin From Net: NetName=NetQ1_14_1 Pin=R117_1_14-2
Removed Pin From Net: NetName=EQ15 Pin=R117_1_15-1
Removed Pin From Net: NetName=NetQ1_15_1 Pin=R117_1_15-2
Removed Pin From Net: NetName=EQ16 Pin=R117_1_16-1
Removed Pin From Net: NetName=NetQ1_16_1 Pin=R117_1_16-2
Removed Member From Class: ClassName=1 Member=R117_1_1
Removed Member From Class: ClassName=2 Member=R117_1_2
Removed Member From Class: ClassName=3 Member=R117_1_3
Removed Member From Class: ClassName=4 Member=R117_1_4
Removed Member From Class: ClassName=5 Member=R117_1_5
Removed Member From Class: ClassName=6 Member=R117_1_6
Removed Member From Class: ClassName=7 Member=R117_1_7
Removed Member From Class: ClassName=8 Member=R117_1_8
Removed Member From Class: ClassName=9 Member=R117_1_9
Removed Member From Class: ClassName=10 Member=R117_1_10
Removed Member From Class: ClassName=11 Member=R117_1_11
Removed Member From Class: ClassName=12 Member=R117_1_12
Removed Member From Class: ClassName=13 Member=R117_1_13
Removed Member From Class: ClassName=14 Member=R117_1_14
Removed Member From Class: ClassName=15 Member=R117_1_15
Removed Member From Class: ClassName=16 Member=R117_1_16
Added Component: Designator=R4_1(0603 RES)
Add component. Clean all parameters for all variants
Add component (AddParameter): Name = "LatestRevisionDate"; Value = "17-Jul-2002"; VariantName = "[No Variations]"
Add component (AddParameter): Name = "LatestRevisionNote"; Value = "Re-released for DXP Platform."; VariantName = "[No Variations]"
Add component (AddParameter): Name = "PackageDescription"; Value = "Axial Device, Thru-Hole; 2 Leads; 0.3 in Pin Spacing"; VariantName = "[No Variations]"
Add component (AddParameter): Name = "PackageReference"; Value = "AXIAL-0.3"; VariantName = "[No Variations]"
Add component (AddParameter): Name = "Published"; Value = "8-Jun-2000"; VariantName = "[No Variations]"
Add component (AddParameter): Name = "Publisher"; Value = "Altium Limited"; VariantName = "[No Variations]"
Add component (AddParameter): Name = "Value"; Value = "2K"; VariantName = "[No Variations]"
Added Component: Designator=R4_2(0603 RES)
Add component. Clean all parameters for all variants
Add component (AddParameter): Name = "LatestRevisionDate"; Value = "17-Jul-2002"; VariantName = "[No Variations]"
Add component (AddParameter): Name = "LatestRevisionNote"; Value = "Re-released for DXP Platform."; VariantName = "[No Variations]"
Add component (AddParameter): Name = "PackageDescription"; Value = "Axial Device, Thru-Hole; 2 Leads; 0.3 in Pin Spacing"; VariantName = "[No Variations]"
Add component (AddParameter): Name = "PackageReference"; Value = "AXIAL-0.3"; VariantName = "[No Variations]"
Add component (AddParameter): Name = "Published"; Value = "8-Jun-2000"; VariantName = "[No Variations]"
Add component (AddParameter): Name = "Publisher"; Value = "Altium Limited"; VariantName = "[No Variations]"
Add component (AddParameter): Name = "Value"; Value = "2K"; VariantName = "[No Variations]"
Added Component: Designator=R4_3(0603 RES)
Add component. Clean all parameters for all variants
Add component (AddParameter): Name = "LatestRevisionDate"; Value = "17-Jul-2002"; VariantName = "[No Variations]"
Add component (AddParameter): Name = "LatestRevisionNote"; Value = "Re-released for DXP Platform."; VariantName = "[No Variations]"
Add component (AddParameter): Name = "PackageDescription"; Value = "Axial Device, Thru-Hole; 2 Leads; 0.3 in Pin Spacing"; VariantName = "[No Variations]"
Add component (AddParameter): Name = "PackageReference"; Value = "AXIAL-0.3"; VariantName = "[No Variations]"
Add component (AddParameter): Name = "Published"; Value = "8-Jun-2000"; VariantName = "[No Variations]"
Add component (AddParameter): Name = "Publisher"; Value = "Altium Limited"; VariantName = "[No Variations]"
Add component (AddParameter): Name = "Value"; Value = "2K"; VariantName = "[No Variations]"
Added Component: Designator=R4_4(0603 RES)
Add component. Clean all parameters for all variants
Add component (AddParameter): Name = "LatestRevisionDate"; Value = "17-Jul-2002"; VariantName = "[No Variations]"
Add component (AddParameter): Name = "LatestRevisionNote"; Value = "Re-released for DXP Platform."; VariantName = "[No Variations]"
Add component (AddParameter): Name = "PackageDescription"; Value = "Axial Device, Thru-Hole; 2 Leads; 0.3 in Pin Spacing"; VariantName = "[No Variations]"
Add component (AddParameter): Name = "PackageReference"; Value = "AXIAL-0.3"; VariantName = "[No Variations]"
Add component (AddParameter): Name = "Published"; Value = "8-Jun-2000"; VariantName = "[No Variations]"
Add component (AddParameter): Name = "Publisher"; Value = "Altium Limited"; VariantName = "[No Variations]"
Add component (AddParameter): Name = "Value"; Value = "2K"; VariantName = "[No Variations]"
Added Component: Designator=R4_5(0603 RES)
Add component. Clean all parameters for all variants
Add component (AddParameter): Name = "LatestRevisionDate"; Value = "17-Jul-2002"; VariantName = "[No Variations]"
Add component (AddParameter): Name = "LatestRevisionNote"; Value = "Re-released for DXP Platform."; VariantName = "[No Variations]"
Add component (AddParameter): Name = "PackageDescription"; Value = "Axial Device, Thru-Hole; 2 Leads; 0.3 in Pin Spacing"; VariantName = "[No Variations]"
Add component (AddParameter): Name = "PackageReference"; Value = "AXIAL-0.3"; VariantName = "[No Variations]"
Add component (AddParameter): Name = "Published"; Value = "8-Jun-2000"; VariantName = "[No Variations]"
Add component (AddParameter): Name = "Publisher"; Value = "Altium Limited"; VariantName = "[No Variations]"
Add component (AddParameter): Name = "Value"; Value = "2K"; VariantName = "[No Variations]"
Added Component: Designator=R4_6(0603 RES)
Add component. Clean all parameters for all variants
Add component (AddParameter): Name = "LatestRevisionDate"; Value = "17-Jul-2002"; VariantName = "[No Variations]"
Add component (AddParameter): Name = "LatestRevisionNote"; Value = "Re-released for DXP Platform."; VariantName = "[No Variations]"
Add component (AddParameter): Name = "PackageDescription"; Value = "Axial Device, Thru-Hole; 2 Leads; 0.3 in Pin Spacing"; VariantName = "[No Variations]"
Add component (AddParameter): Name = "PackageReference"; Value = "AXIAL-0.3"; VariantName = "[No Variations]"
Add component (AddParameter): Name = "Published"; Value = "8-Jun-2000"; VariantName = "[No Variations]"
Add component (AddParameter): Name = "Publisher"; Value = "Altium Limited"; VariantName = "[No Variations]"
Add component (AddParameter): Name = "Value"; Value = "2K"; VariantName = "[No Variations]"
Added Component: Designator=R4_7(0603 RES)
Add component. Clean all parameters for all variants
Add component (AddParameter): Name = "LatestRevisionDate"; Value = "17-Jul-2002"; VariantName = "[No Variations]"
Add component (AddParameter): Name = "LatestRevisionNote"; Value = "Re-released for DXP Platform."; VariantName = "[No Variations]"
Add component (AddParameter): Name = "PackageDescription"; Value = "Axial Device, Thru-Hole; 2 Leads; 0.3 in Pin Spacing"; VariantName = "[No Variations]"
Add component (AddParameter): Name = "PackageReference"; Value = "AXIAL-0.3"; VariantName = "[No Variations]"
Add component (AddParameter): Name = "Published"; Value = "8-Jun-2000"; VariantName = "[No Variations]"
Add component (AddParameter): Name = "Publisher"; Value = "Altium Limited"; VariantName = "[No Variations]"
Add component (AddParameter): Name = "Value"; Value = "2K"; VariantName = "[No Variations]"
Added Component: Designator=R4_8(0603 RES)
Add component. Clean all parameters for all variants
Add component (AddParameter): Name = "LatestRevisionDate"; Value = "17-Jul-2002"; VariantName = "[No Variations]"
Add component (AddParameter): Name = "LatestRevisionNote"; Value = "Re-released for DXP Platform."; VariantName = "[No Variations]"
Add component (AddParameter): Name = "PackageDescription"; Value = "Axial Device, Thru-Hole; 2 Leads; 0.3 in Pin Spacing"; VariantName = "[No Variations]"
Add component (AddParameter): Name = "PackageReference"; Value = "AXIAL-0.3"; VariantName = "[No Variations]"
Add component (AddParameter): Name = "Published"; Value = "8-Jun-2000"; VariantName = "[No Variations]"
Add component (AddParameter): Name = "Publisher"; Value = "Altium Limited"; VariantName = "[No Variations]"
Add component (AddParameter): Name = "Value"; Value = "2K"; VariantName = "[No Variations]"
Added Component: Designator=R4_9(0603 RES)
Add component. Clean all parameters for all variants
Add component (AddParameter): Name = "LatestRevisionDate"; Value = "17-Jul-2002"; VariantName = "[No Variations]"
Add component (AddParameter): Name = "LatestRevisionNote"; Value = "Re-released for DXP Platform."; VariantName = "[No Variations]"
Add component (AddParameter): Name = "PackageDescription"; Value = "Axial Device, Thru-Hole; 2 Leads; 0.3 in Pin Spacing"; VariantName = "[No Variations]"
Add component (AddParameter): Name = "PackageReference"; Value = "AXIAL-0.3"; VariantName = "[No Variations]"
Add component (AddParameter): Name = "Published"; Value = "8-Jun-2000"; VariantName = "[No Variations]"
Add component (AddParameter): Name = "Publisher"; Value = "Altium Limited"; VariantName = "[No Variations]"
Add component (AddParameter): Name = "Value"; Value = "2K"; VariantName = "[No Variations]"
Added Component: Designator=R4_10(0603 RES)
Add component. Clean all parameters for all variants
Add component (AddParameter): Name = "LatestRevisionDate"; Value = "17-Jul-2002"; VariantName = "[No Variations]"
Add component (AddParameter): Name = "LatestRevisionNote"; Value = "Re-released for DXP Platform."; VariantName = "[No Variations]"
Add component (AddParameter): Name = "PackageDescription"; Value = "Axial Device, Thru-Hole; 2 Leads; 0.3 in Pin Spacing"; VariantName = "[No Variations]"
Add component (AddParameter): Name = "PackageReference"; Value = "AXIAL-0.3"; VariantName = "[No Variations]"
Add component (AddParameter): Name = "Published"; Value = "8-Jun-2000"; VariantName = "[No Variations]"
Add component (AddParameter): Name = "Publisher"; Value = "Altium Limited"; VariantName = "[No Variations]"
Add component (AddParameter): Name = "Value"; Value = "2K"; VariantName = "[No Variations]"
Added Component: Designator=R4_11(0603 RES)
Add component. Clean all parameters for all variants
Add component (AddParameter): Name = "LatestRevisionDate"; Value = "17-Jul-2002"; VariantName = "[No Variations]"
Add component (AddParameter): Name = "LatestRevisionNote"; Value = "Re-released for DXP Platform."; VariantName = "[No Variations]"
Add component (AddParameter): Name = "PackageDescription"; Value = "Axial Device, Thru-Hole; 2 Leads; 0.3 in Pin Spacing"; VariantName = "[No Variations]"
Add component (AddParameter): Name = "PackageReference"; Value = "AXIAL-0.3"; VariantName = "[No Variations]"
Add component (AddParameter): Name = "Published"; Value = "8-Jun-2000"; VariantName = "[No Variations]"
Add component (AddParameter): Name = "Publisher"; Value = "Altium Limited"; VariantName = "[No Variations]"
Add component (AddParameter): Name = "Value"; Value = "2K"; VariantName = "[No Variations]"
Added Component: Designator=R4_12(0603 RES)
Add component. Clean all parameters for all variants
Add component (AddParameter): Name = "LatestRevisionDate"; Value = "17-Jul-2002"; VariantName = "[No Variations]"
Add component (AddParameter): Name = "LatestRevisionNote"; Value = "Re-released for DXP Platform."; VariantName = "[No Variations]"
Add component (AddParameter): Name = "PackageDescription"; Value = "Axial Device, Thru-Hole; 2 Leads; 0.3 in Pin Spacing"; VariantName = "[No Variations]"
Add component (AddParameter): Name = "PackageReference"; Value = "AXIAL-0.3"; VariantName = "[No Variations]"
Add component (AddParameter): Name = "Published"; Value = "8-Jun-2000"; VariantName = "[No Variations]"
Add component (AddParameter): Name = "Publisher"; Value = "Altium Limited"; VariantName = "[No Variations]"
Add component (AddParameter): Name = "Value"; Value = "2K"; VariantName = "[No Variations]"
Added Component: Designator=R4_13(0603 RES)
Add component. Clean all parameters for all variants
Add component (AddParameter): Name = "LatestRevisionDate"; Value = "17-Jul-2002"; VariantName = "[No Variations]"
Add component (AddParameter): Name = "LatestRevisionNote"; Value = "Re-released for DXP Platform."; VariantName = "[No Variations]"
Add component (AddParameter): Name = "PackageDescription"; Value = "Axial Device, Thru-Hole; 2 Leads; 0.3 in Pin Spacing"; VariantName = "[No Variations]"
Add component (AddParameter): Name = "PackageReference"; Value = "AXIAL-0.3"; VariantName = "[No Variations]"
Add component (AddParameter): Name = "Published"; Value = "8-Jun-2000"; VariantName = "[No Variations]"
Add component (AddParameter): Name = "Publisher"; Value = "Altium Limited"; VariantName = "[No Variations]"
Add component (AddParameter): Name = "Value"; Value = "2K"; VariantName = "[No Variations]"
Added Component: Designator=R4_14(0603 RES)
Add component. Clean all parameters for all variants
Add component (AddParameter): Name = "LatestRevisionDate"; Value = "17-Jul-2002"; VariantName = "[No Variations]"
Add component (AddParameter): Name = "LatestRevisionNote"; Value = "Re-released for DXP Platform."; VariantName = "[No Variations]"
Add component (AddParameter): Name = "PackageDescription"; Value = "Axial Device, Thru-Hole; 2 Leads; 0.3 in Pin Spacing"; VariantName = "[No Variations]"
Add component (AddParameter): Name = "PackageReference"; Value = "AXIAL-0.3"; VariantName = "[No Variations]"
Add component (AddParameter): Name = "Published"; Value = "8-Jun-2000"; VariantName = "[No Variations]"
Add component (AddParameter): Name = "Publisher"; Value = "Altium Limited"; VariantName = "[No Variations]"
Add component (AddParameter): Name = "Value"; Value = "2K"; VariantName = "[No Variations]"
Added Component: Designator=R4_15(0603 RES)
Add component. Clean all parameters for all variants
Add component (AddParameter): Name = "LatestRevisionDate"; Value = "17-Jul-2002"; VariantName = "[No Variations]"
Add component (AddParameter): Name = "LatestRevisionNote"; Value = "Re-released for DXP Platform."; VariantName = "[No Variations]"
Add component (AddParameter): Name = "PackageDescription"; Value = "Axial Device, Thru-Hole; 2 Leads; 0.3 in Pin Spacing"; VariantName = "[No Variations]"
Add component (AddParameter): Name = "PackageReference"; Value = "AXIAL-0.3"; VariantName = "[No Variations]"
Add component (AddParameter): Name = "Published"; Value = "8-Jun-2000"; VariantName = "[No Variations]"
Add component (AddParameter): Name = "Publisher"; Value = "Altium Limited"; VariantName = "[No Variations]"
Add component (AddParameter): Name = "Value"; Value = "2K"; VariantName = "[No Variations]"
Added Component: Designator=R4_16(0603 RES)
Add component. Clean all parameters for all variants
Add component (AddParameter): Name = "LatestRevisionDate"; Value = "17-Jul-2002"; VariantName = "[No Variations]"
Add component (AddParameter): Name = "LatestRevisionNote"; Value = "Re-released for DXP Platform."; VariantName = "[No Variations]"
Add component (AddParameter): Name = "PackageDescription"; Value = "Axial Device, Thru-Hole; 2 Leads; 0.3 in Pin Spacing"; VariantName = "[No Variations]"
Add component (AddParameter): Name = "PackageReference"; Value = "AXIAL-0.3"; VariantName = "[No Variations]"
Add component (AddParameter): Name = "Published"; Value = "8-Jun-2000"; VariantName = "[No Variations]"
Add component (AddParameter): Name = "Publisher"; Value = "Altium Limited"; VariantName = "[No Variations]"
Add component (AddParameter): Name = "Value"; Value = "2K"; VariantName = "[No Variations]"
Added Pin To Net: NetName=EQ1 Pin=R4_1-1
Added Pin To Net: NetName=NetQ1_1_1 Pin=R4_1-2
Added Pin To Net: NetName=EQ2 Pin=R4_2-1
Added Pin To Net: NetName=NetQ1_2_1 Pin=R4_2-2
Added Pin To Net: NetName=EQ3 Pin=R4_3-1
Added Pin To Net: NetName=NetQ1_3_1 Pin=R4_3-2
Added Pin To Net: NetName=EQ4 Pin=R4_4-1
Added Pin To Net: NetName=NetQ1_4_1 Pin=R4_4-2
Added Pin To Net: NetName=EQ5 Pin=R4_5-1
Added Pin To Net: NetName=NetQ1_5_1 Pin=R4_5-2
Added Pin To Net: NetName=EQ6 Pin=R4_6-1
Added Pin To Net: NetName=NetQ1_6_1 Pin=R4_6-2
Added Pin To Net: NetName=EQ7 Pin=R4_7-1
Added Pin To Net: NetName=NetQ1_7_1 Pin=R4_7-2
Added Pin To Net: NetName=EQ8 Pin=R4_8-1
Added Pin To Net: NetName=NetQ1_8_1 Pin=R4_8-2
Added Pin To Net: NetName=EQ9 Pin=R4_9-1
Added Pin To Net: NetName=NetQ1_9_1 Pin=R4_9-2
Added Pin To Net: NetName=EQ10 Pin=R4_10-1
Added Pin To Net: NetName=NetQ1_10_1 Pin=R4_10-2
Added Pin To Net: NetName=EQ11 Pin=R4_11-1
Added Pin To Net: NetName=NetQ1_11_1 Pin=R4_11-2
Added Pin To Net: NetName=EQ12 Pin=R4_12-1
Added Pin To Net: NetName=NetQ1_12_1 Pin=R4_12-2
Added Pin To Net: NetName=EQ13 Pin=R4_13-1
Added Pin To Net: NetName=NetQ1_13_1 Pin=R4_13-2
Added Pin To Net: NetName=EQ14 Pin=R4_14-1
Added Pin To Net: NetName=NetQ1_14_1 Pin=R4_14-2
Added Pin To Net: NetName=EQ15 Pin=R4_15-1
Added Pin To Net: NetName=NetQ1_15_1 Pin=R4_15-2
Added Pin To Net: NetName=EQ16 Pin=R4_16-1
Added Pin To Net: NetName=NetQ1_16_1 Pin=R4_16-2
Added Member To Class: ClassName=1 Member=Component R4_1 (R4) Res1
Added Member To Class: ClassName=2 Member=Component R4_2 (R4) Res1
Added Member To Class: ClassName=3 Member=Component R4_3 (R4) Res1
Added Member To Class: ClassName=4 Member=Component R4_4 (R4) Res1
Added Member To Class: ClassName=5 Member=Component R4_5 (R4) Res1
Added Member To Class: ClassName=6 Member=Component R4_6 (R4) Res1
Added Member To Class: ClassName=7 Member=Component R4_7 (R4) Res1
Added Member To Class: ClassName=8 Member=Component R4_8 (R4) Res1
Added Member To Class: ClassName=9 Member=Component R4_9 (R4) Res1
Added Member To Class: ClassName=10 Member=Component R4_10 (R4) Res1
Added Member To Class: ClassName=11 Member=Component R4_11 (R4) Res1
Added Member To Class: ClassName=12 Member=Component R4_12 (R4) Res1
Added Member To Class: ClassName=13 Member=Component R4_13 (R4) Res1
Added Member To Class: ClassName=14 Member=Component R4_14 (R4) Res1
Added Member To Class: ClassName=15 Member=Component R4_15 (R4) Res1
Added Member To Class: ClassName=16 Member=Component R4_16 (R4) Res1
