Added Component: Designator=H3(COMM HDR)
Add component. Clean all parameters for all variants
Added Pin To Net: NetName=H3COMMH- Pin=H3-1
Added Pin To Net: NetName=H3COMMH+ Pin=H3-2
Added Pin To Net: NetName=H3FAULTH- Pin=H3-3
Added Pin To Net: NetName=H3FAULTH+ Pin=H3-4
Added Room: Name=1
Added Room: Name=1
Added Room: Name=2
Added Room: Name=2
Added Room: Name=3
Added Room: Name=3
Added Room: Name=4
Added Room: Name=4
Added Room: Name=5
Added Room: Name=5
Added Room: Name=6
Added Room: Name=7
Added Room: Name=8
Added Room: Name=9
Added Room: Name=10
Added Room: Name=11
Added Room: Name=12
Added Room: Name=13
Added Room: Name=14
Added Room: Name=15
Added Room: Name=16
