Added Class: Name=1
Added Class: Name=2
Added Class: Name=3
Added Class: Name=4
Added Class: Name=5
Added Class: Name=6
Added Class: Name=7
Added Class: Name=8
Added Class: Name=9
Added Class: Name=10
Added Class: Name=11
Added Class: Name=12
Added Class: Name=13
Added Class: Name=14
Added Class: Name=15
Added Class: Name=16
Added Class: Name=VSENSE_EQ
Added Member To Class: ClassName=CELL_BALANCE Member=Component  HDR 20
Added Room: Name=1
Added Room: Name=2
Added Room: Name=3
Added Room: Name=4
Added Room: Name=5
Added Room: Name=6
Added Room: Name=7
Added Room: Name=8
Added Room: Name=9
Added Room: Name=10
Added Room: Name=11
Added Room: Name=12
Added Room: Name=13
Added Room: Name=14
Added Room: Name=15
Added Room: Name=16
Added Room: Name=CELL_BALANCE
